<?xml version="1.0" encoding="UTF-8"?>
<!-- Generated by org.testng.reporters.JUnitXMLReporter -->
<testsuite ignored="0" hostname="Adarsh" failures="1" tests="2" name="Test" time="0.795" errors="0" timestamp="2022-12-20T18:56:11 IST">
  <testcase classname="com.kwfb.qa.testcases.LoginTest" name="loginTest" time="0.657"/>
  <testcase classname="com.kwfb.qa.testcases.LoginTest" name="loginTest" time="0.753">
    <failure type="java.lang.NullPointerException" message="Cannot invoke &amp;quot;org.openqa.selenium.TakesScreenshot.getScreenshotAs(org.openqa.selenium.OutputType)&amp;quot; because &amp;quot;driver&amp;quot; is null">
      <![CDATA[java.lang.NullPointerException: Cannot invoke "org.openqa.selenium.TakesScreenshot.getScreenshotAs(org.openqa.selenium.OutputType)" because "driver" is null
at com.kwfb.qa.base.Base.takeScreenShot(Base.java:61)
at com.kwfb.qa.listener.ListenerTest.onTestSuccess(ListenerTest.java:26)
at java.base/java.util.ArrayList.forEach(ArrayList.java:1511)
... Removed 24 stack frames]]>
    </failure>
  </testcase> <!-- loginTest -->
</testsuite> <!-- Test -->
