<?xml version="1.0" encoding="UTF-8"?>
<!-- Generated by org.testng.reporters.JUnitXMLReporter -->
<testsuite ignored="0" hostname="Adarsh" failures="1" tests="1" name="Test" time="2.045" errors="0" timestamp="2022-12-15T18:10:38 IST">
  <testcase classname="com.kbfb.qa.testcases.LoginTest" name="loginTest" time="2.009">
    <failure type="java.lang.NullPointerException" message="Cannot invoke &amp;quot;String.hashCode()&amp;quot; because &amp;quot;locatorName&amp;quot; is null">
      <![CDATA[java.lang.NullPointerException: Cannot invoke "String.hashCode()" because "locatorName" is null
at com.kbfb.qa.util.ExecutionEngine.startExecution(ExecutionEngine.java:84)
at com.kbfb.qa.testcases.LoginTest.loginTest(LoginTest.java:17)
at java.base/java.util.ArrayList.forEach(ArrayList.java:1511)
... Removed 25 stack frames]]>
    </failure>
  </testcase> <!-- loginTest -->
</testsuite> <!-- Test -->
