<?xml version="1.0" encoding="UTF-8"?>
<testng-results ignored="0" total="1" passed="1" failed="0" skipped="0">
  <reporter-output>
  </reporter-output>
  <suite started-at="2022-12-15T21:35:35 IST" name="Default suite" finished-at="2022-12-15T21:35:40 IST" duration-ms="4663">
    <groups>
    </groups>
    <test started-at="2022-12-15T21:35:35 IST" name="Default test" finished-at="2022-12-15T21:35:40 IST" duration-ms="4663">
      <class name="com.kbfb.qa.testcases.LoginTest">
        <test-method signature="loginTest()[pri:0, instance:com.kbfb.qa.testcases.LoginTest@6973b51b]" started-at="2022-12-15T21:35:35 IST" name="loginTest" finished-at="2022-12-15T21:35:40 IST" duration-ms="4631" status="PASS">
          <reporter-output>
          </reporter-output>
        </test-method> <!-- loginTest -->
      </class> <!-- com.kbfb.qa.testcases.LoginTest -->
    </test> <!-- Default test -->
  </suite> <!-- Default suite -->
</testng-results>
