<?xml version="1.0" encoding="UTF-8"?>
<testng-results ignored="0" total="1" passed="1" failed="0" skipped="0">
  <reporter-output>
  </reporter-output>
  <suite started-at="2022-12-17T11:27:57 IST" name="Suite" finished-at="2022-12-17T11:28:20 IST" duration-ms="23159">
    <groups>
    </groups>
    <test started-at="2022-12-17T11:27:57 IST" name="Test" finished-at="2022-12-17T11:28:20 IST" duration-ms="23159">
      <class name="com.kwfb.qa.testcases.LoginTest">
        <test-method signature="loginTest()[pri:0, instance:com.kwfb.qa.testcases.LoginTest@55b7a4e0]" started-at="2022-12-17T11:27:57 IST" name="loginTest" finished-at="2022-12-17T11:28:20 IST" duration-ms="23122" status="PASS">
          <reporter-output>
          </reporter-output>
        </test-method> <!-- loginTest -->
      </class> <!-- com.kwfb.qa.testcases.LoginTest -->
    </test> <!-- Test -->
  </suite> <!-- Suite -->
</testng-results>
